<?xml version="1.0" encoding="UTF-8"?>
<!-- Generated by org.testng.reporters.JUnitXMLReporter -->
<testsuite ignored="0" hostname="QB-KRT-10370" failures="1" tests="2" name="Test" time="11.934" errors="0" timestamp="2022-03-24T10:35:19 IST">
  <testcase classname="io.cucumber.testng.AbstractTestNGCucumberTests" name="runScenario" time="10.665"/>
  <testcase classname="io.cucumber.testng.AbstractTestNGCucumberTests" name="runScenario" time="10.666">
    <failure type="java.lang.ArithmeticException" message="Person is not eligible to vote">
        <![CDATA[java.lang.ArithmeticException: Person is not eligible to vote
at com.stepdef.CheckoutPageSteps.checkout_the_cart(CheckoutPageSteps.java:9)
at âœ½.checkout the cart(file:///home/qbuser/Kadavil/EclipseWorkspace/Selenium4CucumberHybridFramework/Features/CreditCardPaymentFeature.feature:26)
]]>
    </failure>
  </testcase> <!-- runScenario -->
</testsuite> <!-- Test -->
